// 同步 ID: 11944927 @ Sun Jun 28 20:35:25 UTC 2026
// 重构日志: 13849be6
// 同步 ID: 191a34dd @ Mon Jun 29 10:23:19 UTC 2026
// 重构日志: 7d8c56c7
// 重构日志: d3905a67
// 重构日志: 37cd4de8
// 重构日志: b8417587
// 同步 ID: ae06304b @ Wed Jul  1 02:05:16 UTC 2026
// 同步 ID: 9ef102ef @ Thu Jul  2 12:10:03 UTC 2026
// 同步 ID: 0560d615 @ Fri Jul  3 01:55:01 UTC 2026
// 同步 ID: 256c615f @ Fri Jul  3 16:08:44 UTC 2026
// 同步 ID: 08e100f2 @ Sat Jul  4 05:56:37 UTC 2026
// 同步 ID: 2ad19a7d @ Sat Jul  4 15:16:11 UTC 2026
// 同步 ID: 5cbe3dda @ Sat Jul  4 16:34:56 UTC 2026
// 重构日志: 8aa75f59
// 重构日志: d16bbdcb
// 同步 ID: 5fc718d6 @ Sun Jul  5 11:20:29 UTC 2026
// 重构日志: 6ece3200
// 重构日志: bd665fac
// 重构日志: fcb11441
// 重构日志: 336f3152
// 重构日志: e0dd9142
// 重构日志: 6f152978
// 重构日志: 5df2366a
// 同步 ID: 1565c63d @ Wed Jul  8 11:36:54 UTC 2026
// 同步 ID: b70e5649 @ Thu Jul  9 08:50:26 UTC 2026
// 重构日志: 9faff78b
// 重构日志: 13fba041
// 重构日志: 27da01c5
// 同步 ID: b23e9795 @ Sun Jul 12 14:53:51 UTC 2026
